This is pdfTeX, Version 3.141592653-2.6-1.40.24 (TeX Live 2022) (preloaded format=pdflatex 2023.1.27)  8 FEB 2023 16:34
entering extended mode
 restricted \write18 enabled.
 %&-line parsing enabled.
**functional_diversity.tex
(./functional_diversity.tex
LaTeX2e <2022-11-01> patch level 1
L3 programming layer <2023-01-24> (/home/sagesteppe/.TinyTeX/texmf-dist/tex/latex/base/article.cls
Document Class: article 2022/07/02 v1.4n Standard LaTeX document class
(/home/sagesteppe/.TinyTeX/texmf-dist/tex/latex/base/size10.clo
File: size10.clo 2022/07/02 v1.4n Standard LaTeX file (size option)
)
\c@part=\count185
\c@section=\count186
\c@subsection=\count187
\c@subsubsection=\count188
\c@paragraph=\count189
\c@subparagraph=\count190
\c@figure=\count191
\c@table=\count192
\abovecaptionskip=\skip48
\belowcaptionskip=\skip49
\bibindent=\dimen140
) (/home/sagesteppe/.TinyTeX/texmf-dist/tex/latex/amsmath/amsmath.sty
Package: amsmath 2022/04/08 v2.17n AMS math features
\@mathmargin=\skip50
For additional information on amsmath, use the `?' option.
(/home/sagesteppe/.TinyTeX/texmf-dist/tex/latex/amsmath/amstext.sty
Package: amstext 2021/08/26 v2.01 AMS text
(/home/sagesteppe/.TinyTeX/texmf-dist/tex/latex/amsmath/amsgen.sty
File: amsgen.sty 1999/11/30 v2.0 generic functions
\@emptytoks=\toks16
\ex@=\dimen141
)) (/home/sagesteppe/.TinyTeX/texmf-dist/tex/latex/amsmath/amsbsy.sty
Package: amsbsy 1999/11/29 v1.2d Bold Symbols
\pmbraise@=\dimen142
) (/home/sagesteppe/.TinyTeX/texmf-dist/tex/latex/amsmath/amsopn.sty
Package: amsopn 2022/04/08 v2.04 operator names
)
\inf@bad=\count193
LaTeX Info: Redefining \frac on input line 234.
\uproot@=\count194
\leftroot@=\count195
LaTeX Info: Redefining \overline on input line 399.
LaTeX Info: Redefining \colon on input line 410.
\classnum@=\count196
\DOTSCASE@=\count197
LaTeX Info: Redefining \ldots on input line 496.
LaTeX Info: Redefining \dots on input line 499.
LaTeX Info: Redefining \cdots on input line 620.
\Mathstrutbox@=\box51
\strutbox@=\box52
LaTeX Info: Redefining \big on input line 722.
LaTeX Info: Redefining \Big on input line 723.
LaTeX Info: Redefining \bigg on input line 724.
LaTeX Info: Redefining \Bigg on input line 725.
\big@size=\dimen143
LaTeX Font Info:    Redeclaring font encoding OML on input line 743.
LaTeX Font Info:    Redeclaring font encoding OMS on input line 744.
\macc@depth=\count198
LaTeX Info: Redefining \bmod on input line 905.
LaTeX Info: Redefining \pmod on input line 910.
LaTeX Info: Redefining \smash on input line 940.
LaTeX Info: Redefining \relbar on input line 970.
LaTeX Info: Redefining \Relbar on input line 971.
\c@MaxMatrixCols=\count199
\dotsspace@=\muskip16
\c@parentequation=\count266
\dspbrk@lvl=\count267
\tag@help=\toks17
\row@=\count268
\column@=\count269
\maxfields@=\count270
\andhelp@=\toks18
\eqnshift@=\dimen144
\alignsep@=\dimen145
\tagshift@=\dimen146
\tagwidth@=\dimen147
\totwidth@=\dimen148
\lineht@=\dimen149
\@envbody=\toks19
\multlinegap=\skip51
\multlinetaggap=\skip52
\mathdisplay@stack=\toks20
LaTeX Info: Redefining \[ on input line 2953.
LaTeX Info: Redefining \] on input line 2954.
) (/home/sagesteppe/.TinyTeX/texmf-dist/tex/latex/amsfonts/amssymb.sty
Package: amssymb 2013/01/14 v3.01 AMS font symbols
(/home/sagesteppe/.TinyTeX/texmf-dist/tex/latex/amsfonts/amsfonts.sty
Package: amsfonts 2013/01/14 v3.01 Basic AMSFonts support
\symAMSa=\mathgroup4
\symAMSb=\mathgroup5
LaTeX Font Info:    Redeclaring math symbol \hbar on input line 98.
LaTeX Font Info:    Overwriting math alphabet `\mathfrak' in version `bold'
(Font)                  U/euf/m/n --> U/euf/b/n on input line 106.
)) (/home/sagesteppe/.TinyTeX/texmf-dist/tex/latex/lm/lmodern.sty
Package: lmodern 2015/05/01 v1.6.1 Latin Modern Fonts
LaTeX Font Info:    Overwriting symbol font `operators' in version `normal'
(Font)                  OT1/cmr/m/n --> OT1/lmr/m/n on input line 22.
LaTeX Font Info:    Overwriting symbol font `letters' in version `normal'
(Font)                  OML/cmm/m/it --> OML/lmm/m/it on input line 23.
LaTeX Font Info:    Overwriting symbol font `symbols' in version `normal'
(Font)                  OMS/cmsy/m/n --> OMS/lmsy/m/n on input line 24.
LaTeX Font Info:    Overwriting symbol font `largesymbols' in version `normal'
(Font)                  OMX/cmex/m/n --> OMX/lmex/m/n on input line 25.
LaTeX Font Info:    Overwriting symbol font `operators' in version `bold'
(Font)                  OT1/cmr/bx/n --> OT1/lmr/bx/n on input line 26.
LaTeX Font Info:    Overwriting symbol font `letters' in version `bold'
(Font)                  OML/cmm/b/it --> OML/lmm/b/it on input line 27.
LaTeX Font Info:    Overwriting symbol font `symbols' in version `bold'
(Font)                  OMS/cmsy/b/n --> OMS/lmsy/b/n on input line 28.
LaTeX Font Info:    Overwriting symbol font `largesymbols' in version `bold'
(Font)                  OMX/cmex/m/n --> OMX/lmex/m/n on input line 29.
LaTeX Font Info:    Overwriting math alphabet `\mathbf' in version `normal'
(Font)                  OT1/cmr/bx/n --> OT1/lmr/bx/n on input line 31.
LaTeX Font Info:    Overwriting math alphabet `\mathsf' in version `normal'
(Font)                  OT1/cmss/m/n --> OT1/lmss/m/n on input line 32.
LaTeX Font Info:    Overwriting math alphabet `\mathit' in version `normal'
(Font)                  OT1/cmr/m/it --> OT1/lmr/m/it on input line 33.
LaTeX Font Info:    Overwriting math alphabet `\mathtt' in version `normal'
(Font)                  OT1/cmtt/m/n --> OT1/lmtt/m/n on input line 34.
LaTeX Font Info:    Overwriting math alphabet `\mathbf' in version `bold'
(Font)                  OT1/cmr/bx/n --> OT1/lmr/bx/n on input line 35.
LaTeX Font Info:    Overwriting math alphabet `\mathsf' in version `bold'
(Font)                  OT1/cmss/bx/n --> OT1/lmss/bx/n on input line 36.
LaTeX Font Info:    Overwriting math alphabet `\mathit' in version `bold'
(Font)                  OT1/cmr/bx/it --> OT1/lmr/bx/it on input line 37.
LaTeX Font Info:    Overwriting math alphabet `\mathtt' in version `bold'
(Font)                  OT1/cmtt/m/n --> OT1/lmtt/m/n on input line 38.
) (/home/sagesteppe/.TinyTeX/texmf-dist/tex/generic/iftex/iftex.sty
Package: iftex 2022/02/03 v1.0f TeX engine tests
) (/home/sagesteppe/.TinyTeX/texmf-dist/tex/latex/base/fontenc.sty
Package: fontenc 2021/04/29 v2.0v Standard LaTeX package
LaTeX Font Info:    Trying to load font information for T1+lmr on input line 112.
(/home/sagesteppe/.TinyTeX/texmf-dist/tex/latex/lm/t1lmr.fd
File: t1lmr.fd 2015/05/01 v1.6.1 Font defs for Latin Modern
)) (/home/sagesteppe/.TinyTeX/texmf-dist/tex/latex/base/inputenc.sty
Package: inputenc 2021/02/14 v1.3d Input encoding file
\inpenc@prehook=\toks21
\inpenc@posthook=\toks22
) (/home/sagesteppe/.TinyTeX/texmf-dist/tex/latex/base/textcomp.sty
Package: textcomp 2020/02/02 v2.0n Standard LaTeX package
) (/home/sagesteppe/.TinyTeX/texmf-dist/tex/latex/xcolor/xcolor.sty
Package: xcolor 2022/06/12 v2.14 LaTeX color extensions (UK)
(/home/sagesteppe/.TinyTeX/texmf-dist/tex/latex/graphics-cfg/color.cfg
File: color.cfg 2016/01/02 v1.6 sample color configuration
)
Package xcolor Info: Driver file: pdftex.def on input line 227.
(/home/sagesteppe/.TinyTeX/texmf-dist/tex/latex/graphics-def/pdftex.def
File: pdftex.def 2022/09/22 v1.2b Graphics/color driver for pdftex
) (/home/sagesteppe/.TinyTeX/texmf-dist/tex/latex/graphics/mathcolor.ltx)
Package xcolor Info: Model `cmy' substituted by `cmy0' on input line 1353.
Package xcolor Info: Model `hsb' substituted by `rgb' on input line 1357.
Package xcolor Info: Model `RGB' extended on input line 1369.
Package xcolor Info: Model `HTML' substituted by `rgb' on input line 1371.
Package xcolor Info: Model `Hsb' substituted by `hsb' on input line 1372.
Package xcolor Info: Model `tHsb' substituted by `hsb' on input line 1373.
Package xcolor Info: Model `HSB' substituted by `hsb' on input line 1374.
Package xcolor Info: Model `Gray' substituted by `gray' on input line 1375.
Package xcolor Info: Model `wave' substituted by `hsb' on input line 1376.
) (/home/sagesteppe/.TinyTeX/texmf-dist/tex/latex/geometry/geometry.sty
Package: geometry 2020/01/02 v5.9 Page Geometry
(/home/sagesteppe/.TinyTeX/texmf-dist/tex/latex/graphics/keyval.sty
Package: keyval 2022/05/29 v1.15 key=value parser (DPC)
\KV@toks@=\toks23
) (/home/sagesteppe/.TinyTeX/texmf-dist/tex/generic/iftex/ifvtex.sty
Package: ifvtex 2019/10/25 v1.7 ifvtex legacy package. Use iftex instead.
)
\Gm@cnth=\count271
\Gm@cntv=\count272
\c@Gm@tempcnt=\count273
\Gm@bindingoffset=\dimen150
\Gm@wd@mp=\dimen151
\Gm@odd@mp=\dimen152
\Gm@even@mp=\dimen153
\Gm@layoutwidth=\dimen154
\Gm@layoutheight=\dimen155
\Gm@layouthoffset=\dimen156
\Gm@layoutvoffset=\dimen157
\Gm@dimlist=\toks24
) (/home/sagesteppe/.TinyTeX/texmf-dist/tex/latex/graphics/graphicx.sty
Package: graphicx 2021/09/16 v1.2d Enhanced LaTeX Graphics (DPC,SPQR)
(/home/sagesteppe/.TinyTeX/texmf-dist/tex/latex/graphics/graphics.sty
Package: graphics 2022/03/10 v1.4e Standard LaTeX Graphics (DPC,SPQR)
(/home/sagesteppe/.TinyTeX/texmf-dist/tex/latex/graphics/trig.sty
Package: trig 2021/08/11 v1.11 sin cos tan (DPC)
) (/home/sagesteppe/.TinyTeX/texmf-dist/tex/latex/graphics-cfg/graphics.cfg
File: graphics.cfg 2016/06/04 v1.11 sample graphics configuration
)
Package graphics Info: Driver file: pdftex.def on input line 107.
)
\Gin@req@height=\dimen158
\Gin@req@width=\dimen159
)
\cslhangindent=\skip53
\csllabelwidth=\skip54
\cslentryspacingunit=\skip55
(/home/sagesteppe/.TinyTeX/texmf-dist/tex/latex/tools/calc.sty
Package: calc 2017/05/25 v4.3 Infix arithmetic (KKT,FJ)
\calc@Acount=\count274
\calc@Bcount=\count275
\calc@Adimen=\dimen160
\calc@Bdimen=\dimen161
\calc@Askip=\skip56
\calc@Bskip=\skip57
LaTeX Info: Redefining \setlength on input line 80.
LaTeX Info: Redefining \addtolength on input line 81.
\calc@Ccount=\count276
\calc@Cskip=\skip58
) (/home/sagesteppe/.TinyTeX/texmf-dist/tex/latex/caption/caption.sty
Package: caption 2022/03/01 v3.6b Customizing captions (AR)
(/home/sagesteppe/.TinyTeX/texmf-dist/tex/latex/caption/caption3.sty
Package: caption3 2022/03/17 v2.3b caption3 kernel (AR)
\caption@tempdima=\dimen162
\captionmargin=\dimen163
\caption@leftmargin=\dimen164
\caption@rightmargin=\dimen165
\caption@width=\dimen166
\caption@indent=\dimen167
\caption@parindent=\dimen168
\caption@hangindent=\dimen169
Package caption Info: Standard document class detected.
)
\c@caption@flags=\count277
\c@continuedfloat=\count278
) (/home/sagesteppe/.TinyTeX/texmf-dist/tex/latex/wrapfig/wrapfig.sty
\wrapoverhang=\dimen170
\WF@size=\dimen171
\c@WF@wrappedlines=\count279
\WF@box=\box53
\WF@everypar=\toks25
Package: wrapfig 2003/01/31  v 3.6
) (/home/sagesteppe/.TinyTeX/texmf-dist/tex/latex/booktabs/booktabs.sty
Package: booktabs 2020/01/12 v1.61803398 Publication quality tables
\heavyrulewidth=\dimen172
\lightrulewidth=\dimen173
\cmidrulewidth=\dimen174
\belowrulesep=\dimen175
\belowbottomsep=\dimen176
\aboverulesep=\dimen177
\abovetopsep=\dimen178
\cmidrulesep=\dimen179
\cmidrulekern=\dimen180
\defaultaddspace=\dimen181
\@cmidla=\count280
\@cmidlb=\count281
\@aboverulesep=\dimen182
\@belowrulesep=\dimen183
\@thisruleclass=\count282
\@lastruleclass=\count283
\@thisrulewidth=\dimen184
) (/home/sagesteppe/.TinyTeX/texmf-dist/tex/latex/tools/longtable.sty
Package: longtable 2021-09-01 v4.17 Multi-page Table package (DPC)
\LTleft=\skip59
\LTright=\skip60
\LTpre=\skip61
\LTpost=\skip62
\LTchunksize=\count284
\LTcapwidth=\dimen185
\LT@head=\box54
\LT@firsthead=\box55
\LT@foot=\box56
\LT@lastfoot=\box57
\LT@gbox=\box58
\LT@cols=\count285
\LT@rows=\count286
\c@LT@tables=\count287
\c@LT@chunks=\count288
\LT@p@ftn=\toks26
) (/home/sagesteppe/.TinyTeX/texmf-dist/tex/latex/tools/array.sty
Package: array 2022/09/04 v2.5g Tabular extension package (FMi)
\col@sep=\dimen186
\ar@mcellbox=\box59
\extrarowheight=\dimen187
\NC@list=\toks27
\extratabsurround=\skip63
\backup@length=\skip64
\ar@cellbox=\box60
) (/home/sagesteppe/.TinyTeX/texmf-dist/tex/latex/multirow/multirow.sty
Package: multirow 2021/03/15 v2.8 Span multiple rows of a table
\multirow@colwidth=\skip65
\multirow@cntb=\count289
\multirow@dima=\skip66
\bigstrutjot=\dimen188
) (/home/sagesteppe/.TinyTeX/texmf-dist/tex/latex/float/float.sty
Package: float 2001/11/08 v1.3d Float enhancements (AL)
\c@float@type=\count290
\float@exts=\toks28
\float@box=\box61
\@float@everytoks=\toks29
\@floatcapt=\box62
) (/home/sagesteppe/.TinyTeX/texmf-dist/tex/latex/colortbl/colortbl.sty
Package: colortbl 2022/06/20 v1.0f Color table columns (DPC)
\everycr=\toks30
\minrowclearance=\skip67
\rownum=\count291
) (/home/sagesteppe/.TinyTeX/texmf-dist/tex/latex/pdflscape/pdflscape.sty
Package: pdflscape 2022-10-27 v0.13 Display of landscape pages in PDF
(/home/sagesteppe/.TinyTeX/texmf-dist/tex/latex/pdflscape/pdflscape-nometadata.sty
Package: pdflscape-nometadata 2022-10-28 v0.13 Display of landscape pages in PDF (HO)
(/home/sagesteppe/.TinyTeX/texmf-dist/tex/latex/graphics/lscape.sty
Package: lscape 2020/05/28 v3.02 Landscape Pages (DPC)
)
Package pdflscape Info: Auto-detected driver: pdftex on input line 81.
)) (/home/sagesteppe/.TinyTeX/texmf-dist/tex/latex/tabu/tabu.sty
Package: tabu 2019/01/11 v2.9 - flexible LaTeX tabulars (FC+tabu-fixed)
(/home/sagesteppe/.TinyTeX/texmf-dist/tex/latex/varwidth/varwidth.sty
Package: varwidth 2009/03/30 ver 0.92;  Variable-width minipages
\@vwid@box=\box63
\sift@deathcycles=\count292
\@vwid@loff=\dimen189
\@vwid@roff=\dimen190
)
\c@taburow=\count293
\tabu@nbcols=\count294
\tabu@cnt=\count295
\tabu@Xcol=\count296
\tabu@alloc=\count297
\tabu@nested=\count298
\tabu@target=\dimen191
\tabu@spreadtarget=\dimen192
\tabu@naturalX=\dimen193
\tabucolX=\dimen194
\tabu@Xsum=\dimen195
\extrarowdepth=\dimen196
\abovetabulinesep=\dimen197
\belowtabulinesep=\dimen198
\tabustrutrule=\dimen199
\tabu@thebody=\toks31
\tabu@footnotes=\toks32
\tabu@box=\box64
\tabu@arstrutbox=\box65
\tabu@hleads=\box66
\tabu@vleads=\box67
\tabu@cellskip=\skip68
) (/home/sagesteppe/.TinyTeX/texmf-dist/tex/latex/threeparttable/threeparttable.sty
Package: threeparttable 2003/06/13  v 3.0
\@tempboxb=\box68
) (/home/sagesteppe/.TinyTeX/texmf-dist/tex/latex/threeparttablex/threeparttablex.sty
Package: threeparttablex 2013/07/23 v0.3 by daleif
(/home/sagesteppe/.TinyTeX/texmf-dist/tex/latex/environ/environ.sty
Package: environ 2014/05/04 v0.3 A new way to define environments
(/home/sagesteppe/.TinyTeX/texmf-dist/tex/latex/trimspaces/trimspaces.sty
Package: trimspaces 2009/09/17 v1.1 Trim spaces around a token list
))
\TPTL@width=\skip69
) (/home/sagesteppe/.TinyTeX/texmf-dist/tex/generic/ulem/ulem.sty
\UL@box=\box69
\UL@hyphenbox=\box70
\UL@skip=\skip70
\UL@hook=\toks33
\UL@height=\dimen256
\UL@pe=\count299
\UL@pixel=\dimen257
\ULC@box=\box71
Package: ulem 2019/11/18
\ULdepth=\dimen258
) (/home/sagesteppe/.TinyTeX/texmf-dist/tex/latex/makecell/makecell.sty
Package: makecell 2009/08/03 V0.1e Managing of Tab Column Heads and Cells
\rotheadsize=\dimen259
\c@nlinenum=\count300
\TeXr@lab=\toks34
) (/home/sagesteppe/.TinyTeX/texmf-dist/tex/latex/hyperref/hyperref.sty
Package: hyperref 2022-11-13 v7.00u Hypertext links for LaTeX
(/home/sagesteppe/.TinyTeX/texmf-dist/tex/generic/ltxcmds/ltxcmds.sty
Package: ltxcmds 2020-05-10 v1.25 LaTeX kernel commands for general use (HO)
) (/home/sagesteppe/.TinyTeX/texmf-dist/tex/generic/pdftexcmds/pdftexcmds.sty
Package: pdftexcmds 2020-06-27 v0.33 Utility functions of pdfTeX for LuaTeX (HO)
(/home/sagesteppe/.TinyTeX/texmf-dist/tex/generic/infwarerr/infwarerr.sty
Package: infwarerr 2019/12/03 v1.5 Providing info/warning/error messages (HO)
)
Package pdftexcmds Info: \pdf@primitive is available.
Package pdftexcmds Info: \pdf@ifprimitive is available.
Package pdftexcmds Info: \pdfdraftmode found.
) (/home/sagesteppe/.TinyTeX/texmf-dist/tex/latex/kvsetkeys/kvsetkeys.sty
Package: kvsetkeys 2022-10-05 v1.19 Key value parser (HO)
) (/home/sagesteppe/.TinyTeX/texmf-dist/tex/generic/kvdefinekeys/kvdefinekeys.sty
Package: kvdefinekeys 2019-12-19 v1.6 Define keys (HO)
) (/home/sagesteppe/.TinyTeX/texmf-dist/tex/generic/pdfescape/pdfescape.sty
Package: pdfescape 2019/12/09 v1.15 Implements pdfTeX's escape features (HO)
) (/home/sagesteppe/.TinyTeX/texmf-dist/tex/latex/hycolor/hycolor.sty
Package: hycolor 2020-01-27 v1.10 Color options for hyperref/bookmark (HO)
) (/home/sagesteppe/.TinyTeX/texmf-dist/tex/latex/letltxmacro/letltxmacro.sty
Package: letltxmacro 2019/12/03 v1.6 Let assignment for LaTeX macros (HO)
) (/home/sagesteppe/.TinyTeX/texmf-dist/tex/latex/auxhook/auxhook.sty
Package: auxhook 2019-12-17 v1.6 Hooks for auxiliary files (HO)
) (/home/sagesteppe/.TinyTeX/texmf-dist/tex/latex/hyperref/nameref.sty
Package: nameref 2022-05-17 v2.50 Cross-referencing by name of section
(/home/sagesteppe/.TinyTeX/texmf-dist/tex/latex/refcount/refcount.sty
Package: refcount 2019/12/15 v3.6 Data extraction from label references (HO)
) (/home/sagesteppe/.TinyTeX/texmf-dist/tex/generic/gettitlestring/gettitlestring.sty
Package: gettitlestring 2019/12/15 v1.6 Cleanup title references (HO)
(/home/sagesteppe/.TinyTeX/texmf-dist/tex/latex/kvoptions/kvoptions.sty
Package: kvoptions 2022-06-15 v3.15 Key value format for package options (HO)
))
\c@section@level=\count301
)
\@linkdim=\dimen260
\Hy@linkcounter=\count302
\Hy@pagecounter=\count303
(/home/sagesteppe/.TinyTeX/texmf-dist/tex/latex/hyperref/pd1enc.def
File: pd1enc.def 2022-11-13 v7.00u Hyperref: PDFDocEncoding definition (HO)
Now handling font encoding PD1 ...
... no UTF-8 mapping file for font encoding PD1
) (/home/sagesteppe/.TinyTeX/texmf-dist/tex/generic/intcalc/intcalc.sty
Package: intcalc 2019/12/15 v1.3 Expandable calculations with integers (HO)
) (/home/sagesteppe/.TinyTeX/texmf-dist/tex/generic/etexcmds/etexcmds.sty
Package: etexcmds 2019/12/15 v1.7 Avoid name clashes with e-TeX commands (HO)
)
\Hy@SavedSpaceFactor=\count304
(/home/sagesteppe/.TinyTeX/texmf-dist/tex/latex/hyperref/puenc.def
File: puenc.def 2022-11-13 v7.00u Hyperref: PDF Unicode definition (HO)
Now handling font encoding PU ...
... no UTF-8 mapping file for font encoding PU
)
Package hyperref Info: Option `unicode' set `true' on input line 4045.
Package hyperref Info: Hyper figures OFF on input line 4162.
Package hyperref Info: Link nesting OFF on input line 4167.
Package hyperref Info: Hyper index ON on input line 4170.
Package hyperref Info: Plain pages OFF on input line 4177.
Package hyperref Info: Backreferencing OFF on input line 4182.
Package hyperref Info: Implicit mode ON; LaTeX internals redefined.
Package hyperref Info: Bookmarks ON on input line 4410.
\c@Hy@tempcnt=\count305
(/home/sagesteppe/.TinyTeX/texmf-dist/tex/latex/url/url.sty
\Urlmuskip=\muskip17
Package: url 2013/09/16  ver 3.4  Verb mode for urls, etc.
)
LaTeX Info: Redefining \url on input line 4748.
\XeTeXLinkMargin=\dimen261
(/home/sagesteppe/.TinyTeX/texmf-dist/tex/generic/bitset/bitset.sty
Package: bitset 2019/12/09 v1.3 Handle bit-vector datatype (HO)
(/home/sagesteppe/.TinyTeX/texmf-dist/tex/generic/bigintcalc/bigintcalc.sty
Package: bigintcalc 2019/12/15 v1.5 Expandable calculations on big integers (HO)
))
\Fld@menulength=\count306
\Field@Width=\dimen262
\Fld@charsize=\dimen263
Package hyperref Info: Hyper figures OFF on input line 6027.
Package hyperref Info: Link nesting OFF on input line 6032.
Package hyperref Info: Hyper index ON on input line 6035.
Package hyperref Info: backreferencing OFF on input line 6042.
Package hyperref Info: Link coloring OFF on input line 6047.
Package hyperref Info: Link coloring with OCG OFF on input line 6052.
Package hyperref Info: PDF/A mode OFF on input line 6057.
(/home/sagesteppe/.TinyTeX/texmf-dist/tex/latex/base/atbegshi-ltx.sty
Package: atbegshi-ltx 2021/01/10 v1.0c Emulation of the original atbegshi
package with kernel methods
)
\Hy@abspage=\count307
\c@Item=\count308
\c@Hfootnote=\count309
)
Package hyperref Info: Driver (autodetected): hpdftex.
(/home/sagesteppe/.TinyTeX/texmf-dist/tex/latex/hyperref/hpdftex.def
File: hpdftex.def 2022-11-13 v7.00u Hyperref driver for pdfTeX
(/home/sagesteppe/.TinyTeX/texmf-dist/tex/latex/base/atveryend-ltx.sty
Package: atveryend-ltx 2020/08/19 v1.0a Emulation of the original atveryend package
with kernel methods
)
\Fld@listcount=\count310
\c@bookmark@seq@number=\count311
(/home/sagesteppe/.TinyTeX/texmf-dist/tex/latex/rerunfilecheck/rerunfilecheck.sty
Package: rerunfilecheck 2022-07-10 v1.10 Rerun checks for auxiliary files (HO)
(/home/sagesteppe/.TinyTeX/texmf-dist/tex/generic/uniquecounter/uniquecounter.sty
Package: uniquecounter 2019/12/15 v1.4 Provide unlimited unique counter (HO)
)
Package uniquecounter Info: New unique counter `rerunfilecheck' on input line 285.
)
\Hy@SectionHShift=\skip71
) (/home/sagesteppe/.TinyTeX/texmf-dist/tex/latex/l3backend/l3backend-pdftex.def
File: l3backend-pdftex.def 2023-01-16 L3 backend support: PDF output (pdfTeX)
\l__color_backend_stack_int=\count312
\l__pdf_internal_box=\box72
) (./functional_diversity.aux)
\openout1 = `functional_diversity.aux'.

LaTeX Font Info:    Checking defaults for OML/cmm/m/it on input line 108.
LaTeX Font Info:    ... okay on input line 108.
LaTeX Font Info:    Checking defaults for OMS/cmsy/m/n on input line 108.
LaTeX Font Info:    ... okay on input line 108.
LaTeX Font Info:    Checking defaults for OT1/cmr/m/n on input line 108.
LaTeX Font Info:    ... okay on input line 108.
LaTeX Font Info:    Checking defaults for T1/cmr/m/n on input line 108.
LaTeX Font Info:    ... okay on input line 108.
LaTeX Font Info:    Checking defaults for TS1/cmr/m/n on input line 108.
LaTeX Font Info:    ... okay on input line 108.
LaTeX Font Info:    Checking defaults for OMX/cmex/m/n on input line 108.
LaTeX Font Info:    ... okay on input line 108.
LaTeX Font Info:    Checking defaults for U/cmr/m/n on input line 108.
LaTeX Font Info:    ... okay on input line 108.
LaTeX Font Info:    Checking defaults for PD1/pdf/m/n on input line 108.
LaTeX Font Info:    ... okay on input line 108.
LaTeX Font Info:    Checking defaults for PU/pdf/m/n on input line 108.
LaTeX Font Info:    ... okay on input line 108.
(/home/sagesteppe/.TinyTeX/texmf-dist/tex/latex/epstopdf-pkg/epstopdf-base.sty
Package: epstopdf-base 2020-01-24 v2.11 Base part for package epstopdf
Package epstopdf-base Info: Redefining graphics rule for `.eps' on input line 485.
(/home/sagesteppe/.TinyTeX/texmf-dist/tex/latex/latexconfig/epstopdf-sys.cfg
File: epstopdf-sys.cfg 2010/07/13 v1.3 Configuration of (r)epstopdf for TeX Live
))
*geometry* driver: auto-detecting
*geometry* detected driver: pdftex
*geometry* verbose mode - [ preamble ] result:
* driver: pdftex
* paper: <default>
* layout: <same size as paper>
* layoutoffset:(h,v)=(0.0pt,0.0pt)
* modes: 
* h-part:(L,W,R)=(72.26999pt, 469.75502pt, 72.26999pt)
* v-part:(T,H,B)=(72.26999pt, 650.43001pt, 72.26999pt)
* \paperwidth=614.295pt
* \paperheight=794.96999pt
* \textwidth=469.75502pt
* \textheight=650.43001pt
* \oddsidemargin=0.0pt
* \evensidemargin=0.0pt
* \topmargin=-37.0pt
* \headheight=12.0pt
* \headsep=25.0pt
* \topskip=10.0pt
* \footskip=30.0pt
* \marginparwidth=65.0pt
* \marginparsep=11.0pt
* \columnsep=10.0pt
* \skip\footins=9.0pt plus 4.0pt minus 2.0pt
* \hoffset=0.0pt
* \voffset=0.0pt
* \mag=1000
* \@twocolumnfalse
* \@twosidefalse
* \@mparswitchfalse
* \@reversemarginfalse
* (1in=72.27pt=25.4mm, 1cm=28.453pt)

Package caption Info: Begin \AtBeginDocument code.
Package caption Info: float package is loaded.
Package caption Info: hyperref package is loaded.
Package caption Info: longtable package is loaded.
(/home/sagesteppe/.TinyTeX/texmf-dist/tex/latex/caption/ltcaption.sty
Package: ltcaption 2021/01/08 v1.4c longtable captions (AR)
)
Package caption Info: threeparttable package is loaded.
Package caption Info: wrapfig package is loaded.
Package caption Info: End \AtBeginDocument code.
Package hyperref Info: Link coloring OFF on input line 108.
(./functional_diversity.out) (./functional_diversity.out)
\@outlinefile=\write3
\openout3 = `functional_diversity.out'.

LaTeX Font Info:    Trying to load font information for OT1+lmr on input line 110.
(/home/sagesteppe/.TinyTeX/texmf-dist/tex/latex/lm/ot1lmr.fd
File: ot1lmr.fd 2015/05/01 v1.6.1 Font defs for Latin Modern
)
LaTeX Font Info:    Trying to load font information for OML+lmm on input line 110.
(/home/sagesteppe/.TinyTeX/texmf-dist/tex/latex/lm/omllmm.fd
File: omllmm.fd 2015/05/01 v1.6.1 Font defs for Latin Modern
)
LaTeX Font Info:    Trying to load font information for OMS+lmsy on input line 110.
(/home/sagesteppe/.TinyTeX/texmf-dist/tex/latex/lm/omslmsy.fd
File: omslmsy.fd 2015/05/01 v1.6.1 Font defs for Latin Modern
)
LaTeX Font Info:    Trying to load font information for OMX+lmex on input line 110.
(/home/sagesteppe/.TinyTeX/texmf-dist/tex/latex/lm/omxlmex.fd
File: omxlmex.fd 2015/05/01 v1.6.1 Font defs for Latin Modern
)
LaTeX Font Info:    External font `lmex10' loaded for size
(Font)              <12> on input line 110.
LaTeX Font Info:    External font `lmex10' loaded for size
(Font)              <8> on input line 110.
LaTeX Font Info:    External font `lmex10' loaded for size
(Font)              <6> on input line 110.
LaTeX Font Info:    Trying to load font information for U+msa on input line 110.
(/home/sagesteppe/.TinyTeX/texmf-dist/tex/latex/amsfonts/umsa.fd
File: umsa.fd 2013/01/14 v3.01 AMS symbols A
)
LaTeX Font Info:    Trying to load font information for U+msb on input line 110.
(/home/sagesteppe/.TinyTeX/texmf-dist/tex/latex/amsfonts/umsb.fd
File: umsb.fd 2013/01/14 v3.01 AMS symbols B
) [1

{/home/sagesteppe/.TinyTeX/texmf-var/fonts/map/pdftex/updmap/pdftex.map}]
<functional_diversity_files/figure-latex/Create compound metrics - ensure we are calculating values same as NOC team-1.pdf, id=86, 175.65625pt x 206.7725pt>
File: functional_diversity_files/figure-latex/Create compound metrics - ensure we are calculating values same as NOC team-1.pdf Graphic file (type pdf)
<use functional_diversity_files/figure-latex/Create compound metrics - ensure we are calculating values same as NOC team-1.pdf>
Package pdftex.def Info: functional_diversity_files/figure-latex/Create compound metrics - ensure we are calculating values same as NOC team-1.pdf  used on input line 205.
(pdftex.def)             Requested size: 175.66116pt x 206.77829pt.
[2 <./functional_diversity_files/figure-latex/Create compound metrics - ensure we are calculating values same as NOC team-1.pdf>]
LaTeX Font Info:    Trying to load font information for T1+lmtt on input line 264.
(/home/sagesteppe/.TinyTeX/texmf-dist/tex/latex/lm/t1lmtt.fd
File: t1lmtt.fd 2015/05/01 v1.6.1 Font defs for Latin Modern
)
<../results/benchmarks/forb_benchmark.png, id=99, 352.9185pt x 576.7146pt>
File: ../results/benchmarks/forb_benchmark.png Graphic file (type png)
<use ../results/benchmarks/forb_benchmark.png>
Package pdftex.def Info: ../results/benchmarks/forb_benchmark.png  used on input line 272.
(pdftex.def)             Requested size: 234.88171pt x 383.82718pt.
[3 <../results/benchmarks/forb_benchmark.png>] [4]
LaTeX Font Info:    External font `lmex10' loaded for size
(Font)              <10> on input line 355.
LaTeX Font Info:    External font `lmex10' loaded for size
(Font)              <7> on input line 355.
LaTeX Font Info:    External font `lmex10' loaded for size
(Font)              <5> on input line 355.
[5]
<../results/benchmarks/shrub_benchmark.png, id=147, 352.9185pt x 576.7146pt>
File: ../results/benchmarks/shrub_benchmark.png Graphic file (type png)
<use ../results/benchmarks/shrub_benchmark.png>
Package pdftex.def Info: ../results/benchmarks/shrub_benchmark.png  used on input line 392.
(pdftex.def)             Requested size: 234.88171pt x 383.82718pt.
[6 <../results/benchmarks/shrub_benchmark.png>]

Package wrapfig Warning: Collision between wrapping environments on input line 431.

<../results/benchmarks/tree_benchmark.png, id=153, 352.9185pt x 576.4737pt>
File: ../results/benchmarks/tree_benchmark.png Graphic file (type png)
<use ../results/benchmarks/tree_benchmark.png>
Package pdftex.def Info: ../results/benchmarks/tree_benchmark.png  used on input line 433.
(pdftex.def)             Requested size: 234.88171pt x 383.66685pt.

Package wrapfig Warning: Stationary wrapfigure forced to float on input line 437.


Underfull \hbox (badness 2334) in paragraph at lines 451--470
[]\T1/lmr/m/n/10 Currently three tra-jec-to-ries for Pinyon-Juniper
 []

[7 <../results/benchmarks/tree_benchmark.png>]
<../results/benchmarks/grass_benchmark.png, id=170, 352.9185pt x 576.4737pt>
File: ../results/benchmarks/grass_benchmark.png Graphic file (type png)
<use ../results/benchmarks/grass_benchmark.png>
Package pdftex.def Info: ../results/benchmarks/grass_benchmark.png  used on input line 490.
(pdftex.def)             Requested size: 234.88171pt x 383.66685pt.

Underfull \hbox (badness 1163) in paragraph at lines 520--553
[]\T1/lmr/m/n/10 Compared to peren-nial forb du-ra-tion peren-nial
 []

[8 <../results/benchmarks/grass_benchmark.png>]

Package hyperref Warning: Difference (2) between bookmark levels is greater 
(hyperref)                than one, level fixed on input line 557.

<functional_diversity_files/figure-latex/Overall Vegetation Benchmarks Chart Broken Down to ESD-1.pdf, id=204, 470.75874pt x 316.18124pt>
File: functional_diversity_files/figure-latex/Overall Vegetation Benchmarks Chart Broken Down to ESD-1.pdf Graphic file (type pdf)
<use functional_diversity_files/figure-latex/Overall Vegetation Benchmarks Chart Broken Down to ESD-1.pdf>
Package pdftex.def Info: functional_diversity_files/figure-latex/Overall Vegetation Benchmarks Chart Broken Down to ESD-1.pdf  used on input line 586.
(pdftex.def)             Requested size: 469.75912pt x 315.50984pt.

Underfull \hbox (badness 10000) in paragraph at lines 586--587

 []

[9 <./functional_diversity_files/figure-latex/Overall Vegetation Benchmarks Chart Broken Down to ESD-1.pdf>]
<functional_diversity_files/figure-latex/Overall Vegetation Benchmarks By Major Stratum-1.pdf, id=219, 280.04625pt x 237.88875pt>
File: functional_diversity_files/figure-latex/Overall Vegetation Benchmarks By Major Stratum-1.pdf Graphic file (type pdf)
<use functional_diversity_files/figure-latex/Overall Vegetation Benchmarks By Major Stratum-1.pdf>
Package pdftex.def Info: functional_diversity_files/figure-latex/Overall Vegetation Benchmarks By Major Stratum-1.pdf  used on input line 606.
(pdftex.def)             Requested size: 280.05836pt x 237.89903pt.
[10 <./functional_diversity_files/figure-latex/Overall Vegetation Benchmarks By Major Stratum-1.pdf>]
Underfull \hbox (badness 1540) in paragraph at lines 656--656
[][][]\T1/lmr/bx/n/10 Geographic Trends in Con-di-
 []

[11]
Underfull \hbox (badness 1661) in paragraph at lines 669--674
\T1/lmr/m/n/10 fect of woody-plant en-croach-ment
 []


Underfull \hbox (badness 2547) in paragraph at lines 669--674
\T1/lmr/m/n/10 on live-stock pro-duc-tion in north
 []


Underfull \hbox (badness 1320) in paragraph at lines 680--686
[]\T1/lmr/m/n/10 Archer, S. R., An-der-sen, E. M.,
 []


Underfull \hbox (badness 2035) in paragraph at lines 680--686
\T1/lmr/m/n/10 plant en-croach-ment: Causes and
 []


Underfull \hbox (badness 4303) in paragraph at lines 680--686
\T1/lmr/m/n/10 Springer In-ter-na-tional Pub-lish-ing.
 []


Underfull \hbox (badness 10000) in paragraph at lines 680--686
[]$\T1/lmr/m/n/10 https : / / doi . org / 10 . 1007 / 978 -[] 3 -[] 319 -[]
 []


Underfull \hbox (badness 1360) in paragraph at lines 687--692
[]\T1/lmr/m/n/10 Archer, S. R., & Predick, K. I.
 []


Underfull \hbox (badness 4303) in paragraph at lines 687--692
\T1/lmr/m/n/10 (2014). An ecosys-tem ser-vices
 []


Underfull \hbox (badness 3128) in paragraph at lines 687--692
\T1/lmr/m/n/10 Re-search pri-or-i-ties for com-pet-ing
 []


Underfull \hbox (badness 3291) in paragraph at lines 687--692
\T1/lmr/m/n/10 land-use ob-jec-tives. \T1/lmr/m/it/10 Jour-nal of
 []


Underfull \hbox (badness 4913) in paragraph at lines 699--704
[]\T1/lmr/m/n/10 Bestelmeyer, B. T., Pe-ters, D.
 []


Underfull \hbox (badness 1394) in paragraph at lines 699--704
\T1/lmr/m/n/10 P., Archer, S. R., Brown-ing, D.
 []


Underfull \hbox (badness 3724) in paragraph at lines 699--704
\T1/lmr/m/n/10 M., Okin, G. S., Schoo-ley, R.
 []


Underfull \hbox (badness 5908) in paragraph at lines 711--715
\T1/lmr/m/n/10 con-se-quences of drought in the
 []


Underfull \hbox (badness 10000) in paragraph at lines 711--715
\T1/lmr/m/n/10 herba-ceous peren-nial cryptan-tha
 []


Underfull \hbox (badness 1082) in paragraph at lines 711--715
\T1/lmr/m/n/10 flava: Ef-fects of den-sity, as-so-ci-a-
 []

[12]
Underfull \hbox (badness 1629) in paragraph at lines 720--724
[]\T1/lmr/m/n/10 Corbin, J. D., & D'Antonio, C.
 []


Underfull \hbox (badness 2486) in paragraph at lines 725--729
\T1/lmr/m/n/10 vari-abil-ity? \T1/lmr/m/it/10 Jour-nal of Ecol-ogy\T1/lmr/m/n/10 ,
 []


Underfull \hbox (badness 2269) in paragraph at lines 730--735
\T1/lmr/m/n/10 grass-land species: Stochas-tic life
 []


Underfull \hbox (badness 1117) in paragraph at lines 736--740
[]\T1/lmr/m/n/10 De Witte, L. C., & Stock-lin, J.
 []


Underfull \hbox (badness 1168) in paragraph at lines 741--746
\T1/lmr/m/n/10 (2007). Plant trait re-sponses to
 []


Underfull \hbox (badness 1107) in paragraph at lines 747--751
[]\T1/lmr/m/n/10 Ding, J., & El-dridge, D. (2022).
 []


Underfull \hbox (badness 3657) in paragraph at lines 752--757
[]\T1/lmr/m/n/10 Eldridge, D. J., Poore, A. G.,
 []


Underfull \hbox (badness 2635) in paragraph at lines 752--757
\T1/lmr/m/n/10 Ruiz-Colmenero, M., Let-nic, M.,
 []


Underfull \hbox (badness 2564) in paragraph at lines 752--757
\T1/lmr/m/n/10 by live-stock graz-ing. \T1/lmr/m/it/10 Eco-log-i-cal
 []


Underfull \hbox (badness 2932) in paragraph at lines 758--762
\T1/lmr/m/n/10 Drought ef-fect on plant biomass
 []

[13]
Underfull \hbox (badness 1527) in paragraph at lines 770--775
[]\T1/lmr/m/n/10 Gherardi, L. A., & Sala, O. E.
 []


Underfull \hbox (badness 3138) in paragraph at lines 776--781
\T1/lmr/m/n/10 (2012). Mor-tal-ity of aus-tralian
 []


Underfull \hbox (badness 1721) in paragraph at lines 776--781
\T1/lmr/m/n/10 alpine grasses (poa spp.) Af-ter
 []


Underfull \hbox (badness 2635) in paragraph at lines 776--781
\T1/lmr/m/n/10 drought: Species dif-fer-ences and
 []


Underfull \hbox (badness 1383) in paragraph at lines 782--787
\T1/lmr/m/n/10 of soil moisture--plant in-ter-ac-tions
 []


Underfull \hbox (badness 1609) in paragraph at lines 793--799
\T1/lmr/m/n/10 J. H. C., Gar-nier, E., Har-ri-son,
 []


Underfull \hbox (badness 3449) in paragraph at lines 793--799
\T1/lmr/m/n/10 Perez-Harguindeguy, N., Roumet,
 []


Underfull \hbox (badness 1199) in paragraph at lines 793--799
\T1/lmr/m/n/10 func-tional types: Are we get-ting
 []


Underfull \hbox (badness 1527) in paragraph at lines 800--806
[]\T1/lmr/m/n/10 Maestre, F. T., El-dridge, D. J.,
 []


Underfull \hbox (badness 2809) in paragraph at lines 800--806
\T1/lmr/m/n/10 So-liveres, S., Kefi, S., Delgado-
 []


Underfull \hbox (badness 3679) in paragraph at lines 800--806
\T1/lmr/m/n/10 Baquerizo, M., Bowker, M. A.,
 []


Underfull \hbox (badness 6559) in paragraph at lines 800--806
\T1/lmr/m/n/10 Garcia-Palacios, P., Gai-tan, J.,
 []


Underfull \hbox (badness 1810) in paragraph at lines 800--806
\T1/lmr/m/n/10 Gal-lardo, A., Lazaro, R., et al.
 []

[14]
Underfull \hbox (badness 1005) in paragraph at lines 825--830
\T1/lmr/m/n/10 sion to climate-induced veg-e-ta-tion
 []


Underfull \hbox (badness 1874) in paragraph at lines 825--830
\T1/lmr/m/n/10 changes on the col-orado plateau.
 []


Underfull \hbox (badness 1072) in paragraph at lines 831--837
[]\T1/lmr/m/n/10 Munson, S. M., Brad-ford, J. B.,
 []


Underfull \hbox (badness 1270) in paragraph at lines 831--837
\T1/lmr/m/n/10 But-ter-field, B. J., & Gre-mer, J.
 []


Underfull \hbox (badness 1412) in paragraph at lines 831--837
\T1/lmr/m/n/10 by el-e-va-tion and plant func-tional
 []


Underfull \hbox (badness 2828) in paragraph at lines 838--843
\T1/lmr/m/n/10 A., Till-Bottraud, I., & Ehrlen,
 []


Underfull \hbox (badness 1028) in paragraph at lines 838--843
\T1/lmr/m/n/10 J. (2011). In-ter-de-pen-dent ef-fects
 []


Underfull \hbox (badness 2293) in paragraph at lines 844--849
\T1/lmr/m/n/10 Palmquist, K. A., & Lauen-roth,
 []


Underfull \hbox (badness 6725) in paragraph at lines 844--849
\T1/lmr/m/n/10 sage-grouse, and the oc-cur-rence
 []


Underfull \hbox (badness 1852) in paragraph at lines 850--854
\T1/lmr/m/n/10 range-lands in the great basin of
 []

[15]
Underfull \hbox (badness 7099) in paragraph at lines 860--865
\T1/lmr/m/n/10 fluc-tu-a-tions on pri-mary pro-duc-
 []


Underfull \hbox (badness 4353) in paragraph at lines 860--865
\T1/lmr/m/it/10 Philo-soph-i-cal Trans-ac-tions of the
 []


Underfull \hbox (badness 10000) in paragraph at lines 872--877
\T1/lmr/m/n/10 (tae-niatherum caput-medusae).
 []


Underfull \hbox (badness 10000) in paragraph at lines 878--882
[]\T1/lmr/m/n/10 Staver, A. C., Wigley-Coetsee,
 []


Underfull \hbox (badness 1533) in paragraph at lines 878--882
\T1/lmr/m/n/10 dur-ing drought in an african sa-
 []


Underfull \hbox (badness 2088) in paragraph at lines 888--891
\T1/lmr/m/n/10 Longevity of peren-nial forbs and
 []


Underfull \hbox (badness 1281) in paragraph at lines 892--897
\T1/lmr/m/n/10 Long-term in-ter-ac-tions of cli-mate,
 []


Underfull \hbox (badness 1281) in paragraph at lines 898--904
\T1/lmr/m/n/10 M., Hall, S., Jamiyan-sharav, K.,
 []


Underfull \hbox (badness 1383) in paragraph at lines 898--904
\T1/lmr/m/n/10 on eco-log-i-cal drought in semi-arid
 []


Underfull \hbox (badness 1789) in paragraph at lines 898--904
\T1/lmr/m/it/10 Re-search: Bio-geo-sciences\T1/lmr/m/n/10 , \T1/lmr/m/it/10 123\T1/lmr/m/n/10 (3),
 []

[16] [17] (./functional_diversity.aux)
Package rerunfilecheck Info: File `functional_diversity.out' has not changed.
(rerunfilecheck)             Checksum: E04B35A78A50247BD1188E6494763241;1235.
 ) 
Here is how much of TeX's memory you used:
 13807 strings out of 478025
 226321 string characters out of 5839811
 1866305 words of memory out of 5000000
 33623 multiletter control sequences out of 15000+600000
 562254 words of font info for 73 fonts, out of 8000000 for 9000
 14 hyphenation exceptions out of 8191
 75i,10n,76p,332b,489s stack positions out of 10000i,1000n,20000p,200000b,200000s
{/home/sagesteppe/.TinyTeX/texmf-dist/fonts/enc/dvips/lm/lm-ec.enc}</home/sagesteppe/.TinyTeX/texmf-dist/fonts/type1/public/lm/lmbx10.pfb></home/sagesteppe/.TinyTeX/texmf-dist/fonts/type1/public/lm/lmbx12.pfb></home/sagesteppe/.TinyTeX/texmf-dist/fonts/type1/public/lm/lmr10.pfb></home/sagesteppe/.TinyTeX/texmf-dist/fonts/type1/public/lm/lmr17.pfb></home/sagesteppe/.TinyTeX/texmf-dist/fonts/type1/public/lm/lmr7.pfb></home/sagesteppe/.TinyTeX/texmf-dist/fonts/type1/public/lm/lmri10.pfb></home/sagesteppe/.TinyTeX/texmf-dist/fonts/type1/public/lm/lmtt10.pfb>
Output written on functional_diversity.pdf (17 pages, 1752247 bytes).
PDF statistics:
 321 PDF objects out of 1000 (max. 8388607)
 271 compressed objects within 3 object streams
 83 named destinations out of 1000 (max. 500000)
 116 words of extra memory for PDF output out of 10000 (max. 10000000)

